cl : command line  warning D9035: option 'Gm' has been deprecated and will be removed in a future release
  main.cpp
C:\Users\User\Downloads\VirtualPasswordVaultManager\VirtualPasswordVaultManager\PasswordManager2\main.cpp(167,25): warning C4996: 'strcat': This function or variable may be unsafe. Consider using strcat_s instead. To disable deprecation, use _CRT_SECURE_NO_WARNINGS. See online help for details.
C:\Users\User\Downloads\VirtualPasswordVaultManager\VirtualPasswordVaultManager\PasswordManager2\main.cpp(182,25): warning C4996: 'strcat': This function or variable may be unsafe. Consider using strcat_s instead. To disable deprecation, use _CRT_SECURE_NO_WARNINGS. See online help for details.
C:\Users\User\Downloads\VirtualPasswordVaultManager\VirtualPasswordVaultManager\PasswordManager2\main.cpp(197,25): warning C4996: 'strcat': This function or variable may be unsafe. Consider using strcat_s instead. To disable deprecation, use _CRT_SECURE_NO_WARNINGS. See online help for details.
C:\Users\User\Downloads\VirtualPasswordVaultManager\VirtualPasswordVaultManager\PasswordManager2\main.cpp(212,25): warning C4996: 'strcat': This function or variable may be unsafe. Consider using strcat_s instead. To disable deprecation, use _CRT_SECURE_NO_WARNINGS. See online help for details.
C:\Users\User\Downloads\VirtualPasswordVaultManager\VirtualPasswordVaultManager\PasswordManager2\main.cpp(224,21): warning C4996: 'strcat': This function or variable may be unsafe. Consider using strcat_s instead. To disable deprecation, use _CRT_SECURE_NO_WARNINGS. See online help for details.
C:\Users\User\Downloads\VirtualPasswordVaultManager\VirtualPasswordVaultManager\PasswordManager2\main.cpp(236,5): warning C4996: 'strcat': This function or variable may be unsafe. Consider using strcat_s instead. To disable deprecation, use _CRT_SECURE_NO_WARNINGS. See online help for details.
C:\Users\User\Downloads\VirtualPasswordVaultManager\VirtualPasswordVaultManager\PasswordManager2\main.cpp(274,17): warning C4996: 'strcat': This function or variable may be unsafe. Consider using strcat_s instead. To disable deprecation, use _CRT_SECURE_NO_WARNINGS. See online help for details.
C:\Users\User\Downloads\VirtualPasswordVaultManager\VirtualPasswordVaultManager\PasswordManager2\main.cpp(283,17): warning C4996: 'strcat': This function or variable may be unsafe. Consider using strcat_s instead. To disable deprecation, use _CRT_SECURE_NO_WARNINGS. See online help for details.
C:\Users\User\Downloads\VirtualPasswordVaultManager\VirtualPasswordVaultManager\PasswordManager2\main.cpp(292,17): warning C4996: 'strcat': This function or variable may be unsafe. Consider using strcat_s instead. To disable deprecation, use _CRT_SECURE_NO_WARNINGS. See online help for details.
C:\Users\User\Downloads\VirtualPasswordVaultManager\VirtualPasswordVaultManager\PasswordManager2\main.cpp(302,17): warning C4996: 'strcat': This function or variable may be unsafe. Consider using strcat_s instead. To disable deprecation, use _CRT_SECURE_NO_WARNINGS. See online help for details.
C:\Users\User\Downloads\VirtualPasswordVaultManager\VirtualPasswordVaultManager\PasswordManager2\main.cpp(310,17): warning C4996: 'sprintf': This function or variable may be unsafe. Consider using sprintf_s instead. To disable deprecation, use _CRT_SECURE_NO_WARNINGS. See online help for details.
C:\Users\User\Downloads\VirtualPasswordVaultManager\VirtualPasswordVaultManager\PasswordManager2\main.cpp(311,17): warning C4996: 'strcat': This function or variable may be unsafe. Consider using strcat_s instead. To disable deprecation, use _CRT_SECURE_NO_WARNINGS. See online help for details.
C:\Users\User\Downloads\VirtualPasswordVaultManager\VirtualPasswordVaultManager\PasswordManager2\main.cpp(316,17): warning C4996: 'strcat': This function or variable may be unsafe. Consider using strcat_s instead. To disable deprecation, use _CRT_SECURE_NO_WARNINGS. See online help for details.
C:\Users\User\Downloads\VirtualPasswordVaultManager\VirtualPasswordVaultManager\PasswordManager2\main.cpp(322,13): warning C4996: 'strcat': This function or variable may be unsafe. Consider using strcat_s instead. To disable deprecation, use _CRT_SECURE_NO_WARNINGS. See online help for details.
C:\Users\User\Downloads\VirtualPasswordVaultManager\VirtualPasswordVaultManager\PasswordManager2\main.cpp(327,17): warning C4996: 'strcat': This function or variable may be unsafe. Consider using strcat_s instead. To disable deprecation, use _CRT_SECURE_NO_WARNINGS. See online help for details.
C:\Users\User\Downloads\VirtualPasswordVaultManager\VirtualPasswordVaultManager\PasswordManager2\main.cpp(333,13): warning C4996: 'strcat': This function or variable may be unsafe. Consider using strcat_s instead. To disable deprecation, use _CRT_SECURE_NO_WARNINGS. See online help for details.
C:\Users\User\Downloads\VirtualPasswordVaultManager\VirtualPasswordVaultManager\PasswordManager2\main.cpp(342,17): warning C4996: 'strcat': This function or variable may be unsafe. Consider using strcat_s instead. To disable deprecation, use _CRT_SECURE_NO_WARNINGS. See online help for details.
C:\Users\User\Downloads\VirtualPasswordVaultManager\VirtualPasswordVaultManager\PasswordManager2\main.cpp(351,17): warning C4996: 'strcat': This function or variable may be unsafe. Consider using strcat_s instead. To disable deprecation, use _CRT_SECURE_NO_WARNINGS. See online help for details.
C:\Users\User\Downloads\VirtualPasswordVaultManager\VirtualPasswordVaultManager\PasswordManager2\main.cpp(356,17): warning C4996: 'sprintf': This function or variable may be unsafe. Consider using sprintf_s instead. To disable deprecation, use _CRT_SECURE_NO_WARNINGS. See online help for details.
C:\Users\User\Downloads\VirtualPasswordVaultManager\VirtualPasswordVaultManager\PasswordManager2\main.cpp(357,17): warning C4996: 'strcat': This function or variable may be unsafe. Consider using strcat_s instead. To disable deprecation, use _CRT_SECURE_NO_WARNINGS. See online help for details.
C:\Users\User\Downloads\VirtualPasswordVaultManager\VirtualPasswordVaultManager\PasswordManager2\main.cpp(368,17): warning C4996: 'strcat': This function or variable may be unsafe. Consider using strcat_s instead. To disable deprecation, use _CRT_SECURE_NO_WARNINGS. See online help for details.
C:\Users\User\Downloads\VirtualPasswordVaultManager\VirtualPasswordVaultManager\PasswordManager2\main.cpp(382,17): warning C4996: 'sprintf': This function or variable may be unsafe. Consider using sprintf_s instead. To disable deprecation, use _CRT_SECURE_NO_WARNINGS. See online help for details.
C:\Users\User\Downloads\VirtualPasswordVaultManager\VirtualPasswordVaultManager\PasswordManager2\main.cpp(383,17): warning C4996: 'strcat': This function or variable may be unsafe. Consider using strcat_s instead. To disable deprecation, use _CRT_SECURE_NO_WARNINGS. See online help for details.
C:\Users\User\Downloads\VirtualPasswordVaultManager\VirtualPasswordVaultManager\PasswordManager2\main.cpp(394,17): warning C4996: 'strcat': This function or variable may be unsafe. Consider using strcat_s instead. To disable deprecation, use _CRT_SECURE_NO_WARNINGS. See online help for details.
C:\Users\User\Downloads\VirtualPasswordVaultManager\VirtualPasswordVaultManager\PasswordManager2\main.cpp(405,13): warning C4996: 'sprintf': This function or variable may be unsafe. Consider using sprintf_s instead. To disable deprecation, use _CRT_SECURE_NO_WARNINGS. See online help for details.
C:\Users\User\Downloads\VirtualPasswordVaultManager\VirtualPasswordVaultManager\PasswordManager2\main.cpp(406,13): warning C4996: 'strcat': This function or variable may be unsafe. Consider using strcat_s instead. To disable deprecation, use _CRT_SECURE_NO_WARNINGS. See online help for details.
C:\Users\User\Downloads\VirtualPasswordVaultManager\VirtualPasswordVaultManager\PasswordManager2\main.cpp(410,13): warning C4996: 'strcat': This function or variable may be unsafe. Consider using strcat_s instead. To disable deprecation, use _CRT_SECURE_NO_WARNINGS. See online help for details.
C:\Users\User\Downloads\VirtualPasswordVaultManager\VirtualPasswordVaultManager\PasswordManager2\main.cpp(414,13): warning C4996: 'strcat': This function or variable may be unsafe. Consider using strcat_s instead. To disable deprecation, use _CRT_SECURE_NO_WARNINGS. See online help for details.
C:\Users\User\Downloads\VirtualPasswordVaultManager\VirtualPasswordVaultManager\PasswordManager2\main.cpp(535,25): warning C4996: 'strcat': This function or variable may be unsafe. Consider using strcat_s instead. To disable deprecation, use _CRT_SECURE_NO_WARNINGS. See online help for details.
C:\Users\User\Downloads\VirtualPasswordVaultManager\VirtualPasswordVaultManager\PasswordManager2\main.cpp(551,25): warning C4996: 'strcat': This function or variable may be unsafe. Consider using strcat_s instead. To disable deprecation, use _CRT_SECURE_NO_WARNINGS. See online help for details.
C:\Users\User\Downloads\VirtualPasswordVaultManager\VirtualPasswordVaultManager\PasswordManager2\main.cpp(567,25): warning C4996: 'strcat': This function or variable may be unsafe. Consider using strcat_s instead. To disable deprecation, use _CRT_SECURE_NO_WARNINGS. See online help for details.
C:\Users\User\Downloads\VirtualPasswordVaultManager\VirtualPasswordVaultManager\PasswordManager2\main.cpp(583,25): warning C4996: 'strcat': This function or variable may be unsafe. Consider using strcat_s instead. To disable deprecation, use _CRT_SECURE_NO_WARNINGS. See online help for details.
C:\Users\User\Downloads\VirtualPasswordVaultManager\VirtualPasswordVaultManager\PasswordManager2\main.cpp(599,25): warning C4996: 'strcat': This function or variable may be unsafe. Consider using strcat_s instead. To disable deprecation, use _CRT_SECURE_NO_WARNINGS. See online help for details.
C:\Users\User\Downloads\VirtualPasswordVaultManager\VirtualPasswordVaultManager\PasswordManager2\main.cpp(615,25): warning C4996: 'strcat': This function or variable may be unsafe. Consider using strcat_s instead. To disable deprecation, use _CRT_SECURE_NO_WARNINGS. See online help for details.
C:\Users\User\Downloads\VirtualPasswordVaultManager\VirtualPasswordVaultManager\PasswordManager2\main.cpp(631,25): warning C4996: 'strcat': This function or variable may be unsafe. Consider using strcat_s instead. To disable deprecation, use _CRT_SECURE_NO_WARNINGS. See online help for details.
C:\Users\User\Downloads\VirtualPasswordVaultManager\VirtualPasswordVaultManager\PasswordManager2\main.cpp(647,25): warning C4996: 'strcat': This function or variable may be unsafe. Consider using strcat_s instead. To disable deprecation, use _CRT_SECURE_NO_WARNINGS. See online help for details.
C:\Users\User\Downloads\VirtualPasswordVaultManager\VirtualPasswordVaultManager\PasswordManager2\main.cpp(657,21): warning C4996: 'strcat': This function or variable may be unsafe. Consider using strcat_s instead. To disable deprecation, use _CRT_SECURE_NO_WARNINGS. See online help for details.
C:\Users\User\Downloads\VirtualPasswordVaultManager\VirtualPasswordVaultManager\PasswordManager2\main.cpp(662,21): warning C4996: 'strcat': This function or variable may be unsafe. Consider using strcat_s instead. To disable deprecation, use _CRT_SECURE_NO_WARNINGS. See online help for details.
C:\Users\User\Downloads\VirtualPasswordVaultManager\VirtualPasswordVaultManager\PasswordManager2\main.cpp(672,5): warning C4996: 'sprintf': This function or variable may be unsafe. Consider using sprintf_s instead. To disable deprecation, use _CRT_SECURE_NO_WARNINGS. See online help for details.
C:\Users\User\Downloads\VirtualPasswordVaultManager\VirtualPasswordVaultManager\PasswordManager2\main.cpp(673,5): warning C4996: 'strcat': This function or variable may be unsafe. Consider using strcat_s instead. To disable deprecation, use _CRT_SECURE_NO_WARNINGS. See online help for details.
C:\Users\User\Downloads\VirtualPasswordVaultManager\VirtualPasswordVaultManager\PasswordManager2\main.cpp(744,23): warning C4018: '<': signed/unsigned mismatch
C:\Users\User\Downloads\VirtualPasswordVaultManager\VirtualPasswordVaultManager\PasswordManager2\main.cpp(757,5): warning C4996: 'strcat': This function or variable may be unsafe. Consider using strcat_s instead. To disable deprecation, use _CRT_SECURE_NO_WARNINGS. See online help for details.
C:\Users\User\Downloads\VirtualPasswordVaultManager\VirtualPasswordVaultManager\PasswordManager2\main.cpp(795,17): warning C4996: 'strcat': This function or variable may be unsafe. Consider using strcat_s instead. To disable deprecation, use _CRT_SECURE_NO_WARNINGS. See online help for details.
C:\Users\User\Downloads\VirtualPasswordVaultManager\VirtualPasswordVaultManager\PasswordManager2\main.cpp(807,17): warning C4996: 'strcat': This function or variable may be unsafe. Consider using strcat_s instead. To disable deprecation, use _CRT_SECURE_NO_WARNINGS. See online help for details.
C:\Users\User\Downloads\VirtualPasswordVaultManager\VirtualPasswordVaultManager\PasswordManager2\main.cpp(817,17): warning C4996: 'strcat': This function or variable may be unsafe. Consider using strcat_s instead. To disable deprecation, use _CRT_SECURE_NO_WARNINGS. See online help for details.
C:\Users\User\Downloads\VirtualPasswordVaultManager\VirtualPasswordVaultManager\PasswordManager2\main.cpp(850,17): warning C4996: 'strcat': This function or variable may be unsafe. Consider using strcat_s instead. To disable deprecation, use _CRT_SECURE_NO_WARNINGS. See online help for details.
C:\Users\User\Downloads\VirtualPasswordVaultManager\VirtualPasswordVaultManager\PasswordManager2\main.cpp(859,17): warning C4996: 'strcat': This function or variable may be unsafe. Consider using strcat_s instead. To disable deprecation, use _CRT_SECURE_NO_WARNINGS. See online help for details.
C:\Users\User\Downloads\VirtualPasswordVaultManager\VirtualPasswordVaultManager\PasswordManager2\main.cpp(868,17): warning C4996: 'strcat': This function or variable may be unsafe. Consider using strcat_s instead. To disable deprecation, use _CRT_SECURE_NO_WARNINGS. See online help for details.
C:\Users\User\Downloads\VirtualPasswordVaultManager\VirtualPasswordVaultManager\PasswordManager2\main.cpp(877,17): warning C4996: 'strcat': This function or variable may be unsafe. Consider using strcat_s instead. To disable deprecation, use _CRT_SECURE_NO_WARNINGS. See online help for details.
C:\Users\User\Downloads\VirtualPasswordVaultManager\VirtualPasswordVaultManager\PasswordManager2\main.cpp(886,17): warning C4996: 'strcat': This function or variable may be unsafe. Consider using strcat_s instead. To disable deprecation, use _CRT_SECURE_NO_WARNINGS. See online help for details.
C:\Users\User\Downloads\VirtualPasswordVaultManager\VirtualPasswordVaultManager\PasswordManager2\main.cpp(894,17): warning C4996: 'sprintf': This function or variable may be unsafe. Consider using sprintf_s instead. To disable deprecation, use _CRT_SECURE_NO_WARNINGS. See online help for details.
C:\Users\User\Downloads\VirtualPasswordVaultManager\VirtualPasswordVaultManager\PasswordManager2\main.cpp(895,17): warning C4996: 'strcat': This function or variable may be unsafe. Consider using strcat_s instead. To disable deprecation, use _CRT_SECURE_NO_WARNINGS. See online help for details.
C:\Users\User\Downloads\VirtualPasswordVaultManager\VirtualPasswordVaultManager\PasswordManager2\main.cpp(900,17): warning C4996: 'strcat': This function or variable may be unsafe. Consider using strcat_s instead. To disable deprecation, use _CRT_SECURE_NO_WARNINGS. See online help for details.
C:\Users\User\Downloads\VirtualPasswordVaultManager\VirtualPasswordVaultManager\PasswordManager2\main.cpp(906,13): warning C4996: 'strcat': This function or variable may be unsafe. Consider using strcat_s instead. To disable deprecation, use _CRT_SECURE_NO_WARNINGS. See online help for details.
C:\Users\User\Downloads\VirtualPasswordVaultManager\VirtualPasswordVaultManager\PasswordManager2\main.cpp(912,17): warning C4996: 'strcat': This function or variable may be unsafe. Consider using strcat_s instead. To disable deprecation, use _CRT_SECURE_NO_WARNINGS. See online help for details.
C:\Users\User\Downloads\VirtualPasswordVaultManager\VirtualPasswordVaultManager\PasswordManager2\main.cpp(919,13): warning C4996: 'strcat': This function or variable may be unsafe. Consider using strcat_s instead. To disable deprecation, use _CRT_SECURE_NO_WARNINGS. See online help for details.
C:\Users\User\Downloads\VirtualPasswordVaultManager\VirtualPasswordVaultManager\PasswordManager2\main.cpp(927,17): warning C4996: 'strcat': This function or variable may be unsafe. Consider using strcat_s instead. To disable deprecation, use _CRT_SECURE_NO_WARNINGS. See online help for details.
C:\Users\User\Downloads\VirtualPasswordVaultManager\VirtualPasswordVaultManager\PasswordManager2\main.cpp(936,17): warning C4996: 'strcat': This function or variable may be unsafe. Consider using strcat_s instead. To disable deprecation, use _CRT_SECURE_NO_WARNINGS. See online help for details.
C:\Users\User\Downloads\VirtualPasswordVaultManager\VirtualPasswordVaultManager\PasswordManager2\main.cpp(941,17): warning C4996: 'sprintf': This function or variable may be unsafe. Consider using sprintf_s instead. To disable deprecation, use _CRT_SECURE_NO_WARNINGS. See online help for details.
C:\Users\User\Downloads\VirtualPasswordVaultManager\VirtualPasswordVaultManager\PasswordManager2\main.cpp(942,17): warning C4996: 'strcat': This function or variable may be unsafe. Consider using strcat_s instead. To disable deprecation, use _CRT_SECURE_NO_WARNINGS. See online help for details.
C:\Users\User\Downloads\VirtualPasswordVaultManager\VirtualPasswordVaultManager\PasswordManager2\main.cpp(953,17): warning C4996: 'strcat': This function or variable may be unsafe. Consider using strcat_s instead. To disable deprecation, use _CRT_SECURE_NO_WARNINGS. See online help for details.
C:\Users\User\Downloads\VirtualPasswordVaultManager\VirtualPasswordVaultManager\PasswordManager2\main.cpp(964,17): warning C4996: 'strcat': This function or variable may be unsafe. Consider using strcat_s instead. To disable deprecation, use _CRT_SECURE_NO_WARNINGS. See online help for details.
C:\Users\User\Downloads\VirtualPasswordVaultManager\VirtualPasswordVaultManager\PasswordManager2\main.cpp(974,17): warning C4996: 'sprintf': This function or variable may be unsafe. Consider using sprintf_s instead. To disable deprecation, use _CRT_SECURE_NO_WARNINGS. See online help for details.
C:\Users\User\Downloads\VirtualPasswordVaultManager\VirtualPasswordVaultManager\PasswordManager2\main.cpp(975,17): warning C4996: 'strcat': This function or variable may be unsafe. Consider using strcat_s instead. To disable deprecation, use _CRT_SECURE_NO_WARNINGS. See online help for details.
C:\Users\User\Downloads\VirtualPasswordVaultManager\VirtualPasswordVaultManager\PasswordManager2\main.cpp(980,17): warning C4996: 'strcat': This function or variable may be unsafe. Consider using strcat_s instead. To disable deprecation, use _CRT_SECURE_NO_WARNINGS. See online help for details.
C:\Users\User\Downloads\VirtualPasswordVaultManager\VirtualPasswordVaultManager\PasswordManager2\main.cpp(991,17): warning C4996: 'strcat': This function or variable may be unsafe. Consider using strcat_s instead. To disable deprecation, use _CRT_SECURE_NO_WARNINGS. See online help for details.
C:\Users\User\Downloads\VirtualPasswordVaultManager\VirtualPasswordVaultManager\PasswordManager2\main.cpp(1001,17): warning C4996: 'strcat': This function or variable may be unsafe. Consider using strcat_s instead. To disable deprecation, use _CRT_SECURE_NO_WARNINGS. See online help for details.
C:\Users\User\Downloads\VirtualPasswordVaultManager\VirtualPasswordVaultManager\PasswordManager2\main.cpp(1009,17): warning C4996: 'sprintf': This function or variable may be unsafe. Consider using sprintf_s instead. To disable deprecation, use _CRT_SECURE_NO_WARNINGS. See online help for details.
C:\Users\User\Downloads\VirtualPasswordVaultManager\VirtualPasswordVaultManager\PasswordManager2\main.cpp(1010,17): warning C4996: 'strcat': This function or variable may be unsafe. Consider using strcat_s instead. To disable deprecation, use _CRT_SECURE_NO_WARNINGS. See online help for details.
C:\Users\User\Downloads\VirtualPasswordVaultManager\VirtualPasswordVaultManager\PasswordManager2\main.cpp(1015,17): warning C4996: 'strcat': This function or variable may be unsafe. Consider using strcat_s instead. To disable deprecation, use _CRT_SECURE_NO_WARNINGS. See online help for details.
C:\Users\User\Downloads\VirtualPasswordVaultManager\VirtualPasswordVaultManager\PasswordManager2\main.cpp(1021,13): warning C4996: 'strcat': This function or variable may be unsafe. Consider using strcat_s instead. To disable deprecation, use _CRT_SECURE_NO_WARNINGS. See online help for details.
C:\Users\User\Downloads\VirtualPasswordVaultManager\VirtualPasswordVaultManager\PasswordManager2\main.cpp(1025,13): warning C4996: 'strcat': This function or variable may be unsafe. Consider using strcat_s instead. To disable deprecation, use _CRT_SECURE_NO_WARNINGS. See online help for details.
C:\Users\User\Downloads\VirtualPasswordVaultManager\VirtualPasswordVaultManager\PasswordManager2\main.cpp(1202,29): warning C4996: 'strcat': This function or variable may be unsafe. Consider using strcat_s instead. To disable deprecation, use _CRT_SECURE_NO_WARNINGS. See online help for details.
C:\Users\User\Downloads\VirtualPasswordVaultManager\VirtualPasswordVaultManager\PasswordManager2\main.cpp(1239,25): warning C4996: 'strcat': This function or variable may be unsafe. Consider using strcat_s instead. To disable deprecation, use _CRT_SECURE_NO_WARNINGS. See online help for details.
C:\Users\User\Downloads\VirtualPasswordVaultManager\VirtualPasswordVaultManager\PasswordManager2\main.cpp(1253,25): warning C4996: 'strcat': This function or variable may be unsafe. Consider using strcat_s instead. To disable deprecation, use _CRT_SECURE_NO_WARNINGS. See online help for details.
C:\Users\User\Downloads\VirtualPasswordVaultManager\VirtualPasswordVaultManager\PasswordManager2\main.cpp(1267,25): warning C4996: 'strcat': This function or variable may be unsafe. Consider using strcat_s instead. To disable deprecation, use _CRT_SECURE_NO_WARNINGS. See online help for details.
C:\Users\User\Downloads\VirtualPasswordVaultManager\VirtualPasswordVaultManager\PasswordManager2\main.cpp(1281,25): warning C4996: 'strcat': This function or variable may be unsafe. Consider using strcat_s instead. To disable deprecation, use _CRT_SECURE_NO_WARNINGS. See online help for details.
C:\Users\User\Downloads\VirtualPasswordVaultManager\VirtualPasswordVaultManager\PasswordManager2\main.cpp(1304,25): warning C4996: 'strcat': This function or variable may be unsafe. Consider using strcat_s instead. To disable deprecation, use _CRT_SECURE_NO_WARNINGS. See online help for details.
C:\Users\User\Downloads\VirtualPasswordVaultManager\VirtualPasswordVaultManager\PasswordManager2\main.cpp(1318,25): warning C4996: 'strcat': This function or variable may be unsafe. Consider using strcat_s instead. To disable deprecation, use _CRT_SECURE_NO_WARNINGS. See online help for details.
C:\Users\User\Downloads\VirtualPasswordVaultManager\VirtualPasswordVaultManager\PasswordManager2\main.cpp(1332,25): warning C4996: 'strcat': This function or variable may be unsafe. Consider using strcat_s instead. To disable deprecation, use _CRT_SECURE_NO_WARNINGS. See online help for details.
C:\Users\User\Downloads\VirtualPasswordVaultManager\VirtualPasswordVaultManager\PasswordManager2\main.cpp(1345,21): warning C4996: 'strcat': This function or variable may be unsafe. Consider using strcat_s instead. To disable deprecation, use _CRT_SECURE_NO_WARNINGS. See online help for details.
C:\Users\User\Downloads\VirtualPasswordVaultManager\VirtualPasswordVaultManager\PasswordManager2\main.cpp(1355,5): warning C4996: 'sprintf': This function or variable may be unsafe. Consider using sprintf_s instead. To disable deprecation, use _CRT_SECURE_NO_WARNINGS. See online help for details.
C:\Users\User\Downloads\VirtualPasswordVaultManager\VirtualPasswordVaultManager\PasswordManager2\main.cpp(1356,5): warning C4996: 'strcat': This function or variable may be unsafe. Consider using strcat_s instead. To disable deprecation, use _CRT_SECURE_NO_WARNINGS. See online help for details.
C:\Users\User\Downloads\VirtualPasswordVaultManager\VirtualPasswordVaultManager\PasswordManager2\main.cpp(1368,23): warning C4018: '<': signed/unsigned mismatch
C:\Users\User\Downloads\VirtualPasswordVaultManager\VirtualPasswordVaultManager\PasswordManager2\main.cpp(1383,5): warning C4996: 'strcat': This function or variable may be unsafe. Consider using strcat_s instead. To disable deprecation, use _CRT_SECURE_NO_WARNINGS. See online help for details.
C:\Users\User\Downloads\VirtualPasswordVaultManager\VirtualPasswordVaultManager\PasswordManager2\main.cpp(1424,21): warning C4996: 'strcat': This function or variable may be unsafe. Consider using strcat_s instead. To disable deprecation, use _CRT_SECURE_NO_WARNINGS. See online help for details.
C:\Users\User\Downloads\VirtualPasswordVaultManager\VirtualPasswordVaultManager\PasswordManager2\main.cpp(1457,17): warning C4996: 'strcat': This function or variable may be unsafe. Consider using strcat_s instead. To disable deprecation, use _CRT_SECURE_NO_WARNINGS. See online help for details.
C:\Users\User\Downloads\VirtualPasswordVaultManager\VirtualPasswordVaultManager\PasswordManager2\main.cpp(1466,17): warning C4996: 'strcat': This function or variable may be unsafe. Consider using strcat_s instead. To disable deprecation, use _CRT_SECURE_NO_WARNINGS. See online help for details.
C:\Users\User\Downloads\VirtualPasswordVaultManager\VirtualPasswordVaultManager\PasswordManager2\main.cpp(1475,17): warning C4996: 'strcat': This function or variable may be unsafe. Consider using strcat_s instead. To disable deprecation, use _CRT_SECURE_NO_WARNINGS. See online help for details.
C:\Users\User\Downloads\VirtualPasswordVaultManager\VirtualPasswordVaultManager\PasswordManager2\main.cpp(1487,17): warning C4996: 'strcat': This function or variable may be unsafe. Consider using strcat_s instead. To disable deprecation, use _CRT_SECURE_NO_WARNINGS. See online help for details.
C:\Users\User\Downloads\VirtualPasswordVaultManager\VirtualPasswordVaultManager\PasswordManager2\main.cpp(1496,17): warning C4996: 'strcat': This function or variable may be unsafe. Consider using strcat_s instead. To disable deprecation, use _CRT_SECURE_NO_WARNINGS. See online help for details.
C:\Users\User\Downloads\VirtualPasswordVaultManager\VirtualPasswordVaultManager\PasswordManager2\main.cpp(1508,17): warning C4996: 'strcat': This function or variable may be unsafe. Consider using strcat_s instead. To disable deprecation, use _CRT_SECURE_NO_WARNINGS. See online help for details.
C:\Users\User\Downloads\VirtualPasswordVaultManager\VirtualPasswordVaultManager\PasswordManager2\main.cpp(1516,17): warning C4996: 'sprintf': This function or variable may be unsafe. Consider using sprintf_s instead. To disable deprecation, use _CRT_SECURE_NO_WARNINGS. See online help for details.
C:\Users\User\Downloads\VirtualPasswordVaultManager\VirtualPasswordVaultManager\PasswordManager2\main.cpp(1517,17): warning C4996: 'strcat': This function or variable may be unsafe. Consider using strcat_s instead. To disable deprecation, use _CRT_SECURE_NO_WARNINGS. See online help for details.
C:\Users\User\Downloads\VirtualPasswordVaultManager\VirtualPasswordVaultManager\PasswordManager2\main.cpp(1522,17): warning C4996: 'strcat': This function or variable may be unsafe. Consider using strcat_s instead. To disable deprecation, use _CRT_SECURE_NO_WARNINGS. See online help for details.
C:\Users\User\Downloads\VirtualPasswordVaultManager\VirtualPasswordVaultManager\PasswordManager2\main.cpp(1528,13): warning C4996: 'strcat': This function or variable may be unsafe. Consider using strcat_s instead. To disable deprecation, use _CRT_SECURE_NO_WARNINGS. See online help for details.
C:\Users\User\Downloads\VirtualPasswordVaultManager\VirtualPasswordVaultManager\PasswordManager2\main.cpp(1534,17): warning C4996: 'strcat': This function or variable may be unsafe. Consider using strcat_s instead. To disable deprecation, use _CRT_SECURE_NO_WARNINGS. See online help for details.
C:\Users\User\Downloads\VirtualPasswordVaultManager\VirtualPasswordVaultManager\PasswordManager2\main.cpp(1541,13): warning C4996: 'strcat': This function or variable may be unsafe. Consider using strcat_s instead. To disable deprecation, use _CRT_SECURE_NO_WARNINGS. See online help for details.
C:\Users\User\Downloads\VirtualPasswordVaultManager\VirtualPasswordVaultManager\PasswordManager2\main.cpp(1549,17): warning C4996: 'strcat': This function or variable may be unsafe. Consider using strcat_s instead. To disable deprecation, use _CRT_SECURE_NO_WARNINGS. See online help for details.
C:\Users\User\Downloads\VirtualPasswordVaultManager\VirtualPasswordVaultManager\PasswordManager2\main.cpp(1558,17): warning C4996: 'strcat': This function or variable may be unsafe. Consider using strcat_s instead. To disable deprecation, use _CRT_SECURE_NO_WARNINGS. See online help for details.
C:\Users\User\Downloads\VirtualPasswordVaultManager\VirtualPasswordVaultManager\PasswordManager2\main.cpp(1563,17): warning C4996: 'sprintf': This function or variable may be unsafe. Consider using sprintf_s instead. To disable deprecation, use _CRT_SECURE_NO_WARNINGS. See online help for details.
C:\Users\User\Downloads\VirtualPasswordVaultManager\VirtualPasswordVaultManager\PasswordManager2\main.cpp(1564,17): warning C4996: 'strcat': This function or variable may be unsafe. Consider using strcat_s instead. To disable deprecation, use _CRT_SECURE_NO_WARNINGS. See online help for details.
C:\Users\User\Downloads\VirtualPasswordVaultManager\VirtualPasswordVaultManager\PasswordManager2\main.cpp(1575,17): warning C4996: 'strcat': This function or variable may be unsafe. Consider using strcat_s instead. To disable deprecation, use _CRT_SECURE_NO_WARNINGS. See online help for details.
C:\Users\User\Downloads\VirtualPasswordVaultManager\VirtualPasswordVaultManager\PasswordManager2\main.cpp(1585,17): warning C4996: 'strcat': This function or variable may be unsafe. Consider using strcat_s instead. To disable deprecation, use _CRT_SECURE_NO_WARNINGS. See online help for details.
C:\Users\User\Downloads\VirtualPasswordVaultManager\VirtualPasswordVaultManager\PasswordManager2\main.cpp(1594,17): warning C4996: 'sprintf': This function or variable may be unsafe. Consider using sprintf_s instead. To disable deprecation, use _CRT_SECURE_NO_WARNINGS. See online help for details.
C:\Users\User\Downloads\VirtualPasswordVaultManager\VirtualPasswordVaultManager\PasswordManager2\main.cpp(1595,17): warning C4996: 'strcat': This function or variable may be unsafe. Consider using strcat_s instead. To disable deprecation, use _CRT_SECURE_NO_WARNINGS. See online help for details.
C:\Users\User\Downloads\VirtualPasswordVaultManager\VirtualPasswordVaultManager\PasswordManager2\main.cpp(1600,17): warning C4996: 'strcat': This function or variable may be unsafe. Consider using strcat_s instead. To disable deprecation, use _CRT_SECURE_NO_WARNINGS. See online help for details.
C:\Users\User\Downloads\VirtualPasswordVaultManager\VirtualPasswordVaultManager\PasswordManager2\main.cpp(1611,17): warning C4996: 'strcat': This function or variable may be unsafe. Consider using strcat_s instead. To disable deprecation, use _CRT_SECURE_NO_WARNINGS. See online help for details.
C:\Users\User\Downloads\VirtualPasswordVaultManager\VirtualPasswordVaultManager\PasswordManager2\main.cpp(1621,17): warning C4996: 'strcat': This function or variable may be unsafe. Consider using strcat_s instead. To disable deprecation, use _CRT_SECURE_NO_WARNINGS. See online help for details.
C:\Users\User\Downloads\VirtualPasswordVaultManager\VirtualPasswordVaultManager\PasswordManager2\main.cpp(1629,17): warning C4996: 'sprintf': This function or variable may be unsafe. Consider using sprintf_s instead. To disable deprecation, use _CRT_SECURE_NO_WARNINGS. See online help for details.
C:\Users\User\Downloads\VirtualPasswordVaultManager\VirtualPasswordVaultManager\PasswordManager2\main.cpp(1630,17): warning C4996: 'strcat': This function or variable may be unsafe. Consider using strcat_s instead. To disable deprecation, use _CRT_SECURE_NO_WARNINGS. See online help for details.
C:\Users\User\Downloads\VirtualPasswordVaultManager\VirtualPasswordVaultManager\PasswordManager2\main.cpp(1635,17): warning C4996: 'strcat': This function or variable may be unsafe. Consider using strcat_s instead. To disable deprecation, use _CRT_SECURE_NO_WARNINGS. See online help for details.
C:\Users\User\Downloads\VirtualPasswordVaultManager\VirtualPasswordVaultManager\PasswordManager2\main.cpp(1640,13): warning C4996: 'strcat': This function or variable may be unsafe. Consider using strcat_s instead. To disable deprecation, use _CRT_SECURE_NO_WARNINGS. See online help for details.
C:\Users\User\Downloads\VirtualPasswordVaultManager\VirtualPasswordVaultManager\PasswordManager2\main.cpp(1644,13): warning C4996: 'strcat': This function or variable may be unsafe. Consider using strcat_s instead. To disable deprecation, use _CRT_SECURE_NO_WARNINGS. See online help for details.
C:\Users\User\Downloads\VirtualPasswordVaultManager\VirtualPasswordVaultManager\PasswordManager2\main.cpp(1795,25): warning C4996: 'strcat': This function or variable may be unsafe. Consider using strcat_s instead. To disable deprecation, use _CRT_SECURE_NO_WARNINGS. See online help for details.
C:\Users\User\Downloads\VirtualPasswordVaultManager\VirtualPasswordVaultManager\PasswordManager2\main.cpp(1810,29): warning C4996: 'strcat': This function or variable may be unsafe. Consider using strcat_s instead. To disable deprecation, use _CRT_SECURE_NO_WARNINGS. See online help for details.
C:\Users\User\Downloads\VirtualPasswordVaultManager\VirtualPasswordVaultManager\PasswordManager2\main.cpp(1846,25): warning C4996: 'strcat': This function or variable may be unsafe. Consider using strcat_s instead. To disable deprecation, use _CRT_SECURE_NO_WARNINGS. See online help for details.
C:\Users\User\Downloads\VirtualPasswordVaultManager\VirtualPasswordVaultManager\PasswordManager2\main.cpp(1858,25): warning C4996: 'strcat': This function or variable may be unsafe. Consider using strcat_s instead. To disable deprecation, use _CRT_SECURE_NO_WARNINGS. See online help for details.
C:\Users\User\Downloads\VirtualPasswordVaultManager\VirtualPasswordVaultManager\PasswordManager2\main.cpp(1870,25): warning C4996: 'strcat': This function or variable may be unsafe. Consider using strcat_s instead. To disable deprecation, use _CRT_SECURE_NO_WARNINGS. See online help for details.
C:\Users\User\Downloads\VirtualPasswordVaultManager\VirtualPasswordVaultManager\PasswordManager2\main.cpp(1882,25): warning C4996: 'strcat': This function or variable may be unsafe. Consider using strcat_s instead. To disable deprecation, use _CRT_SECURE_NO_WARNINGS. See online help for details.
C:\Users\User\Downloads\VirtualPasswordVaultManager\VirtualPasswordVaultManager\PasswordManager2\main.cpp(1894,25): warning C4996: 'strcat': This function or variable may be unsafe. Consider using strcat_s instead. To disable deprecation, use _CRT_SECURE_NO_WARNINGS. See online help for details.
C:\Users\User\Downloads\VirtualPasswordVaultManager\VirtualPasswordVaultManager\PasswordManager2\main.cpp(1906,25): warning C4996: 'strcat': This function or variable may be unsafe. Consider using strcat_s instead. To disable deprecation, use _CRT_SECURE_NO_WARNINGS. See online help for details.
C:\Users\User\Downloads\VirtualPasswordVaultManager\VirtualPasswordVaultManager\PasswordManager2\main.cpp(1916,21): warning C4996: 'strcat': This function or variable may be unsafe. Consider using strcat_s instead. To disable deprecation, use _CRT_SECURE_NO_WARNINGS. See online help for details.
C:\Users\User\Downloads\VirtualPasswordVaultManager\VirtualPasswordVaultManager\PasswordManager2\main.cpp(1928,5): warning C4996: 'sprintf': This function or variable may be unsafe. Consider using sprintf_s instead. To disable deprecation, use _CRT_SECURE_NO_WARNINGS. See online help for details.
C:\Users\User\Downloads\VirtualPasswordVaultManager\VirtualPasswordVaultManager\PasswordManager2\main.cpp(1929,5): warning C4996: 'strcat': This function or variable may be unsafe. Consider using strcat_s instead. To disable deprecation, use _CRT_SECURE_NO_WARNINGS. See online help for details.
C:\Users\User\Downloads\VirtualPasswordVaultManager\VirtualPasswordVaultManager\PasswordManager2\main.cpp(1748,10): warning C4101: 'newGender': unreferenced local variable
C:\Users\User\Downloads\VirtualPasswordVaultManager\VirtualPasswordVaultManager\PasswordManager2\main.cpp(1964,23): warning C4018: '<': signed/unsigned mismatch
C:\Users\User\Downloads\VirtualPasswordVaultManager\VirtualPasswordVaultManager\PasswordManager2\main.cpp(1980,5): warning C4996: 'strcat': This function or variable may be unsafe. Consider using strcat_s instead. To disable deprecation, use _CRT_SECURE_NO_WARNINGS. See online help for details.
C:\Users\User\Downloads\VirtualPasswordVaultManager\VirtualPasswordVaultManager\PasswordManager2\main.cpp(2023,21): warning C4996: 'strcat': This function or variable may be unsafe. Consider using strcat_s instead. To disable deprecation, use _CRT_SECURE_NO_WARNINGS. See online help for details.
C:\Users\User\Downloads\VirtualPasswordVaultManager\VirtualPasswordVaultManager\PasswordManager2\main.cpp(2056,17): warning C4996: 'strcat': This function or variable may be unsafe. Consider using strcat_s instead. To disable deprecation, use _CRT_SECURE_NO_WARNINGS. See online help for details.
C:\Users\User\Downloads\VirtualPasswordVaultManager\VirtualPasswordVaultManager\PasswordManager2\main.cpp(2064,17): warning C4996: 'strcat': This function or variable may be unsafe. Consider using strcat_s instead. To disable deprecation, use _CRT_SECURE_NO_WARNINGS. See online help for details.
C:\Users\User\Downloads\VirtualPasswordVaultManager\VirtualPasswordVaultManager\PasswordManager2\main.cpp(2072,17): warning C4996: 'strcat': This function or variable may be unsafe. Consider using strcat_s instead. To disable deprecation, use _CRT_SECURE_NO_WARNINGS. See online help for details.
C:\Users\User\Downloads\VirtualPasswordVaultManager\VirtualPasswordVaultManager\PasswordManager2\main.cpp(2080,17): warning C4996: 'strcat': This function or variable may be unsafe. Consider using strcat_s instead. To disable deprecation, use _CRT_SECURE_NO_WARNINGS. See online help for details.
C:\Users\User\Downloads\VirtualPasswordVaultManager\VirtualPasswordVaultManager\PasswordManager2\main.cpp(2088,17): warning C4996: 'strcat': This function or variable may be unsafe. Consider using strcat_s instead. To disable deprecation, use _CRT_SECURE_NO_WARNINGS. See online help for details.
C:\Users\User\Downloads\VirtualPasswordVaultManager\VirtualPasswordVaultManager\PasswordManager2\main.cpp(2096,17): warning C4996: 'strcat': This function or variable may be unsafe. Consider using strcat_s instead. To disable deprecation, use _CRT_SECURE_NO_WARNINGS. See online help for details.
C:\Users\User\Downloads\VirtualPasswordVaultManager\VirtualPasswordVaultManager\PasswordManager2\main.cpp(2103,17): warning C4996: 'sprintf': This function or variable may be unsafe. Consider using sprintf_s instead. To disable deprecation, use _CRT_SECURE_NO_WARNINGS. See online help for details.
C:\Users\User\Downloads\VirtualPasswordVaultManager\VirtualPasswordVaultManager\PasswordManager2\main.cpp(2104,17): warning C4996: 'strcat': This function or variable may be unsafe. Consider using strcat_s instead. To disable deprecation, use _CRT_SECURE_NO_WARNINGS. See online help for details.
C:\Users\User\Downloads\VirtualPasswordVaultManager\VirtualPasswordVaultManager\PasswordManager2\main.cpp(2109,17): warning C4996: 'strcat': This function or variable may be unsafe. Consider using strcat_s instead. To disable deprecation, use _CRT_SECURE_NO_WARNINGS. See online help for details.
C:\Users\User\Downloads\VirtualPasswordVaultManager\VirtualPasswordVaultManager\PasswordManager2\main.cpp(2115,13): warning C4996: 'strcat': This function or variable may be unsafe. Consider using strcat_s instead. To disable deprecation, use _CRT_SECURE_NO_WARNINGS. See online help for details.
C:\Users\User\Downloads\VirtualPasswordVaultManager\VirtualPasswordVaultManager\PasswordManager2\main.cpp(2122,17): warning C4996: 'strcat': This function or variable may be unsafe. Consider using strcat_s instead. To disable deprecation, use _CRT_SECURE_NO_WARNINGS. See online help for details.
C:\Users\User\Downloads\VirtualPasswordVaultManager\VirtualPasswordVaultManager\PasswordManager2\main.cpp(2129,13): warning C4996: 'strcat': This function or variable may be unsafe. Consider using strcat_s instead. To disable deprecation, use _CRT_SECURE_NO_WARNINGS. See online help for details.
C:\Users\User\Downloads\VirtualPasswordVaultManager\VirtualPasswordVaultManager\PasswordManager2\main.cpp(2137,17): warning C4996: 'strcat': This function or variable may be unsafe. Consider using strcat_s instead. To disable deprecation, use _CRT_SECURE_NO_WARNINGS. See online help for details.
C:\Users\User\Downloads\VirtualPasswordVaultManager\VirtualPasswordVaultManager\PasswordManager2\main.cpp(2145,17): warning C4996: 'strcat': This function or variable may be unsafe. Consider using strcat_s instead. To disable deprecation, use _CRT_SECURE_NO_WARNINGS. See online help for details.
C:\Users\User\Downloads\VirtualPasswordVaultManager\VirtualPasswordVaultManager\PasswordManager2\main.cpp(2150,17): warning C4996: 'sprintf': This function or variable may be unsafe. Consider using sprintf_s instead. To disable deprecation, use _CRT_SECURE_NO_WARNINGS. See online help for details.
C:\Users\User\Downloads\VirtualPasswordVaultManager\VirtualPasswordVaultManager\PasswordManager2\main.cpp(2151,17): warning C4996: 'strcat': This function or variable may be unsafe. Consider using strcat_s instead. To disable deprecation, use _CRT_SECURE_NO_WARNINGS. See online help for details.
C:\Users\User\Downloads\VirtualPasswordVaultManager\VirtualPasswordVaultManager\PasswordManager2\main.cpp(2162,17): warning C4996: 'strcat': This function or variable may be unsafe. Consider using strcat_s instead. To disable deprecation, use _CRT_SECURE_NO_WARNINGS. See online help for details.
C:\Users\User\Downloads\VirtualPasswordVaultManager\VirtualPasswordVaultManager\PasswordManager2\main.cpp(2172,17): warning C4996: 'strcat': This function or variable may be unsafe. Consider using strcat_s instead. To disable deprecation, use _CRT_SECURE_NO_WARNINGS. See online help for details.
C:\Users\User\Downloads\VirtualPasswordVaultManager\VirtualPasswordVaultManager\PasswordManager2\main.cpp(2181,17): warning C4996: 'sprintf': This function or variable may be unsafe. Consider using sprintf_s instead. To disable deprecation, use _CRT_SECURE_NO_WARNINGS. See online help for details.
C:\Users\User\Downloads\VirtualPasswordVaultManager\VirtualPasswordVaultManager\PasswordManager2\main.cpp(2182,17): warning C4996: 'strcat': This function or variable may be unsafe. Consider using strcat_s instead. To disable deprecation, use _CRT_SECURE_NO_WARNINGS. See online help for details.
C:\Users\User\Downloads\VirtualPasswordVaultManager\VirtualPasswordVaultManager\PasswordManager2\main.cpp(2187,17): warning C4996: 'strcat': This function or variable may be unsafe. Consider using strcat_s instead. To disable deprecation, use _CRT_SECURE_NO_WARNINGS. See online help for details.
C:\Users\User\Downloads\VirtualPasswordVaultManager\VirtualPasswordVaultManager\PasswordManager2\main.cpp(2198,17): warning C4996: 'strcat': This function or variable may be unsafe. Consider using strcat_s instead. To disable deprecation, use _CRT_SECURE_NO_WARNINGS. See online help for details.
C:\Users\User\Downloads\VirtualPasswordVaultManager\VirtualPasswordVaultManager\PasswordManager2\main.cpp(2208,17): warning C4996: 'strcat': This function or variable may be unsafe. Consider using strcat_s instead. To disable deprecation, use _CRT_SECURE_NO_WARNINGS. See online help for details.
C:\Users\User\Downloads\VirtualPasswordVaultManager\VirtualPasswordVaultManager\PasswordManager2\main.cpp(2216,17): warning C4996: 'sprintf': This function or variable may be unsafe. Consider using sprintf_s instead. To disable deprecation, use _CRT_SECURE_NO_WARNINGS. See online help for details.
C:\Users\User\Downloads\VirtualPasswordVaultManager\VirtualPasswordVaultManager\PasswordManager2\main.cpp(2217,17): warning C4996: 'strcat': This function or variable may be unsafe. Consider using strcat_s instead. To disable deprecation, use _CRT_SECURE_NO_WARNINGS. See online help for details.
C:\Users\User\Downloads\VirtualPasswordVaultManager\VirtualPasswordVaultManager\PasswordManager2\main.cpp(2222,17): warning C4996: 'strcat': This function or variable may be unsafe. Consider using strcat_s instead. To disable deprecation, use _CRT_SECURE_NO_WARNINGS. See online help for details.
C:\Users\User\Downloads\VirtualPasswordVaultManager\VirtualPasswordVaultManager\PasswordManager2\main.cpp(2229,13): warning C4996: 'strcat': This function or variable may be unsafe. Consider using strcat_s instead. To disable deprecation, use _CRT_SECURE_NO_WARNINGS. See online help for details.
C:\Users\User\Downloads\VirtualPasswordVaultManager\VirtualPasswordVaultManager\PasswordManager2\main.cpp(2233,13): warning C4996: 'strcat': This function or variable may be unsafe. Consider using strcat_s instead. To disable deprecation, use _CRT_SECURE_NO_WARNINGS. See online help for details.
C:\Users\User\Downloads\VirtualPasswordVaultManager\VirtualPasswordVaultManager\PasswordManager2\main.cpp(2380,25): warning C4996: 'strcat': This function or variable may be unsafe. Consider using strcat_s instead. To disable deprecation, use _CRT_SECURE_NO_WARNINGS. See online help for details.
C:\Users\User\Downloads\VirtualPasswordVaultManager\VirtualPasswordVaultManager\PasswordManager2\main.cpp(2395,25): warning C4996: 'strcat': This function or variable may be unsafe. Consider using strcat_s instead. To disable deprecation, use _CRT_SECURE_NO_WARNINGS. See online help for details.
C:\Users\User\Downloads\VirtualPasswordVaultManager\VirtualPasswordVaultManager\PasswordManager2\main.cpp(2410,25): warning C4996: 'strcat': This function or variable may be unsafe. Consider using strcat_s instead. To disable deprecation, use _CRT_SECURE_NO_WARNINGS. See online help for details.
C:\Users\User\Downloads\VirtualPasswordVaultManager\VirtualPasswordVaultManager\PasswordManager2\main.cpp(2425,25): warning C4996: 'strcat': This function or variable may be unsafe. Consider using strcat_s instead. To disable deprecation, use _CRT_SECURE_NO_WARNINGS. See online help for details.
C:\Users\User\Downloads\VirtualPasswordVaultManager\VirtualPasswordVaultManager\PasswordManager2\main.cpp(2440,25): warning C4996: 'strcat': This function or variable may be unsafe. Consider using strcat_s instead. To disable deprecation, use _CRT_SECURE_NO_WARNINGS. See online help for details.
C:\Users\User\Downloads\VirtualPasswordVaultManager\VirtualPasswordVaultManager\PasswordManager2\main.cpp(2455,25): warning C4996: 'strcat': This function or variable may be unsafe. Consider using strcat_s instead. To disable deprecation, use _CRT_SECURE_NO_WARNINGS. See online help for details.
C:\Users\User\Downloads\VirtualPasswordVaultManager\VirtualPasswordVaultManager\PasswordManager2\main.cpp(2470,25): warning C4996: 'strcat': This function or variable may be unsafe. Consider using strcat_s instead. To disable deprecation, use _CRT_SECURE_NO_WARNINGS. See online help for details.
C:\Users\User\Downloads\VirtualPasswordVaultManager\VirtualPasswordVaultManager\PasswordManager2\main.cpp(2485,25): warning C4996: 'strcat': This function or variable may be unsafe. Consider using strcat_s instead. To disable deprecation, use _CRT_SECURE_NO_WARNINGS. See online help for details.
C:\Users\User\Downloads\VirtualPasswordVaultManager\VirtualPasswordVaultManager\PasswordManager2\main.cpp(2500,25): warning C4996: 'strcat': This function or variable may be unsafe. Consider using strcat_s instead. To disable deprecation, use _CRT_SECURE_NO_WARNINGS. See online help for details.
C:\Users\User\Downloads\VirtualPasswordVaultManager\VirtualPasswordVaultManager\PasswordManager2\main.cpp(2523,5): warning C4996: 'sprintf': This function or variable may be unsafe. Consider using sprintf_s instead. To disable deprecation, use _CRT_SECURE_NO_WARNINGS. See online help for details.
C:\Users\User\Downloads\VirtualPasswordVaultManager\VirtualPasswordVaultManager\PasswordManager2\main.cpp(2524,5): warning C4996: 'strcat': This function or variable may be unsafe. Consider using strcat_s instead. To disable deprecation, use _CRT_SECURE_NO_WARNINGS. See online help for details.
C:\Users\User\Downloads\VirtualPasswordVaultManager\VirtualPasswordVaultManager\PasswordManager2\main.cpp(2561,23): warning C4018: '<': signed/unsigned mismatch
C:\Users\User\Downloads\VirtualPasswordVaultManager\VirtualPasswordVaultManager\PasswordManager2\main.cpp(2572,5): warning C4996: 'strcat': This function or variable may be unsafe. Consider using strcat_s instead. To disable deprecation, use _CRT_SECURE_NO_WARNINGS. See online help for details.
C:\Users\User\Downloads\VirtualPasswordVaultManager\VirtualPasswordVaultManager\PasswordManager2\main.cpp(2612,17): warning C4996: 'strcat': This function or variable may be unsafe. Consider using strcat_s instead. To disable deprecation, use _CRT_SECURE_NO_WARNINGS. See online help for details.
C:\Users\User\Downloads\VirtualPasswordVaultManager\VirtualPasswordVaultManager\PasswordManager2\main.cpp(2645,17): warning C4996: 'strcat': This function or variable may be unsafe. Consider using strcat_s instead. To disable deprecation, use _CRT_SECURE_NO_WARNINGS. See online help for details.
C:\Users\User\Downloads\VirtualPasswordVaultManager\VirtualPasswordVaultManager\PasswordManager2\main.cpp(2654,17): warning C4996: 'strcat': This function or variable may be unsafe. Consider using strcat_s instead. To disable deprecation, use _CRT_SECURE_NO_WARNINGS. See online help for details.
C:\Users\User\Downloads\VirtualPasswordVaultManager\VirtualPasswordVaultManager\PasswordManager2\main.cpp(2663,17): warning C4996: 'strcat': This function or variable may be unsafe. Consider using strcat_s instead. To disable deprecation, use _CRT_SECURE_NO_WARNINGS. See online help for details.
C:\Users\User\Downloads\VirtualPasswordVaultManager\VirtualPasswordVaultManager\PasswordManager2\main.cpp(2672,17): warning C4996: 'strcat': This function or variable may be unsafe. Consider using strcat_s instead. To disable deprecation, use _CRT_SECURE_NO_WARNINGS. See online help for details.
C:\Users\User\Downloads\VirtualPasswordVaultManager\VirtualPasswordVaultManager\PasswordManager2\main.cpp(2680,17): warning C4996: 'strcat': This function or variable may be unsafe. Consider using strcat_s instead. To disable deprecation, use _CRT_SECURE_NO_WARNINGS. See online help for details.
C:\Users\User\Downloads\VirtualPasswordVaultManager\VirtualPasswordVaultManager\PasswordManager2\main.cpp(2688,17): warning C4996: 'strcat': This function or variable may be unsafe. Consider using strcat_s instead. To disable deprecation, use _CRT_SECURE_NO_WARNINGS. See online help for details.
C:\Users\User\Downloads\VirtualPasswordVaultManager\VirtualPasswordVaultManager\PasswordManager2\main.cpp(2696,17): warning C4996: 'strcat': This function or variable may be unsafe. Consider using strcat_s instead. To disable deprecation, use _CRT_SECURE_NO_WARNINGS. See online help for details.
C:\Users\User\Downloads\VirtualPasswordVaultManager\VirtualPasswordVaultManager\PasswordManager2\main.cpp(2706,17): warning C4996: 'sprintf': This function or variable may be unsafe. Consider using sprintf_s instead. To disable deprecation, use _CRT_SECURE_NO_WARNINGS. See online help for details.
C:\Users\User\Downloads\VirtualPasswordVaultManager\VirtualPasswordVaultManager\PasswordManager2\main.cpp(2707,17): warning C4996: 'strcat': This function or variable may be unsafe. Consider using strcat_s instead. To disable deprecation, use _CRT_SECURE_NO_WARNINGS. See online help for details.
C:\Users\User\Downloads\VirtualPasswordVaultManager\VirtualPasswordVaultManager\PasswordManager2\main.cpp(2712,17): warning C4996: 'strcat': This function or variable may be unsafe. Consider using strcat_s instead. To disable deprecation, use _CRT_SECURE_NO_WARNINGS. See online help for details.
C:\Users\User\Downloads\VirtualPasswordVaultManager\VirtualPasswordVaultManager\PasswordManager2\main.cpp(2718,13): warning C4996: 'strcat': This function or variable may be unsafe. Consider using strcat_s instead. To disable deprecation, use _CRT_SECURE_NO_WARNINGS. See online help for details.
C:\Users\User\Downloads\VirtualPasswordVaultManager\VirtualPasswordVaultManager\PasswordManager2\main.cpp(2724,17): warning C4996: 'strcat': This function or variable may be unsafe. Consider using strcat_s instead. To disable deprecation, use _CRT_SECURE_NO_WARNINGS. See online help for details.
C:\Users\User\Downloads\VirtualPasswordVaultManager\VirtualPasswordVaultManager\PasswordManager2\main.cpp(2731,13): warning C4996: 'strcat': This function or variable may be unsafe. Consider using strcat_s instead. To disable deprecation, use _CRT_SECURE_NO_WARNINGS. See online help for details.
C:\Users\User\Downloads\VirtualPasswordVaultManager\VirtualPasswordVaultManager\PasswordManager2\main.cpp(2739,17): warning C4996: 'strcat': This function or variable may be unsafe. Consider using strcat_s instead. To disable deprecation, use _CRT_SECURE_NO_WARNINGS. See online help for details.
C:\Users\User\Downloads\VirtualPasswordVaultManager\VirtualPasswordVaultManager\PasswordManager2\main.cpp(2747,17): warning C4996: 'strcat': This function or variable may be unsafe. Consider using strcat_s instead. To disable deprecation, use _CRT_SECURE_NO_WARNINGS. See online help for details.
C:\Users\User\Downloads\VirtualPasswordVaultManager\VirtualPasswordVaultManager\PasswordManager2\main.cpp(2752,17): warning C4996: 'sprintf': This function or variable may be unsafe. Consider using sprintf_s instead. To disable deprecation, use _CRT_SECURE_NO_WARNINGS. See online help for details.
C:\Users\User\Downloads\VirtualPasswordVaultManager\VirtualPasswordVaultManager\PasswordManager2\main.cpp(2753,17): warning C4996: 'strcat': This function or variable may be unsafe. Consider using strcat_s instead. To disable deprecation, use _CRT_SECURE_NO_WARNINGS. See online help for details.
C:\Users\User\Downloads\VirtualPasswordVaultManager\VirtualPasswordVaultManager\PasswordManager2\main.cpp(2764,17): warning C4996: 'strcat': This function or variable may be unsafe. Consider using strcat_s instead. To disable deprecation, use _CRT_SECURE_NO_WARNINGS. See online help for details.
C:\Users\User\Downloads\VirtualPasswordVaultManager\VirtualPasswordVaultManager\PasswordManager2\main.cpp(2774,17): warning C4996: 'strcat': This function or variable may be unsafe. Consider using strcat_s instead. To disable deprecation, use _CRT_SECURE_NO_WARNINGS. See online help for details.
C:\Users\User\Downloads\VirtualPasswordVaultManager\VirtualPasswordVaultManager\PasswordManager2\main.cpp(2783,17): warning C4996: 'sprintf': This function or variable may be unsafe. Consider using sprintf_s instead. To disable deprecation, use _CRT_SECURE_NO_WARNINGS. See online help for details.
C:\Users\User\Downloads\VirtualPasswordVaultManager\VirtualPasswordVaultManager\PasswordManager2\main.cpp(2784,17): warning C4996: 'strcat': This function or variable may be unsafe. Consider using strcat_s instead. To disable deprecation, use _CRT_SECURE_NO_WARNINGS. See online help for details.
C:\Users\User\Downloads\VirtualPasswordVaultManager\VirtualPasswordVaultManager\PasswordManager2\main.cpp(2789,17): warning C4996: 'strcat': This function or variable may be unsafe. Consider using strcat_s instead. To disable deprecation, use _CRT_SECURE_NO_WARNINGS. See online help for details.
C:\Users\User\Downloads\VirtualPasswordVaultManager\VirtualPasswordVaultManager\PasswordManager2\main.cpp(2800,17): warning C4996: 'strcat': This function or variable may be unsafe. Consider using strcat_s instead. To disable deprecation, use _CRT_SECURE_NO_WARNINGS. See online help for details.
C:\Users\User\Downloads\VirtualPasswordVaultManager\VirtualPasswordVaultManager\PasswordManager2\main.cpp(2810,17): warning C4996: 'strcat': This function or variable may be unsafe. Consider using strcat_s instead. To disable deprecation, use _CRT_SECURE_NO_WARNINGS. See online help for details.
C:\Users\User\Downloads\VirtualPasswordVaultManager\VirtualPasswordVaultManager\PasswordManager2\main.cpp(2818,17): warning C4996: 'sprintf': This function or variable may be unsafe. Consider using sprintf_s instead. To disable deprecation, use _CRT_SECURE_NO_WARNINGS. See online help for details.
C:\Users\User\Downloads\VirtualPasswordVaultManager\VirtualPasswordVaultManager\PasswordManager2\main.cpp(2819,17): warning C4996: 'strcat': This function or variable may be unsafe. Consider using strcat_s instead. To disable deprecation, use _CRT_SECURE_NO_WARNINGS. See online help for details.
C:\Users\User\Downloads\VirtualPasswordVaultManager\VirtualPasswordVaultManager\PasswordManager2\main.cpp(2824,17): warning C4996: 'strcat': This function or variable may be unsafe. Consider using strcat_s instead. To disable deprecation, use _CRT_SECURE_NO_WARNINGS. See online help for details.
C:\Users\User\Downloads\VirtualPasswordVaultManager\VirtualPasswordVaultManager\PasswordManager2\main.cpp(2829,13): warning C4996: 'strcat': This function or variable may be unsafe. Consider using strcat_s instead. To disable deprecation, use _CRT_SECURE_NO_WARNINGS. See online help for details.
C:\Users\User\Downloads\VirtualPasswordVaultManager\VirtualPasswordVaultManager\PasswordManager2\main.cpp(2833,13): warning C4996: 'strcat': This function or variable may be unsafe. Consider using strcat_s instead. To disable deprecation, use _CRT_SECURE_NO_WARNINGS. See online help for details.
C:\Users\User\Downloads\VirtualPasswordVaultManager\VirtualPasswordVaultManager\PasswordManager2\main.cpp(2943,9): warning C4996: 'strcat': This function or variable may be unsafe. Consider using strcat_s instead. To disable deprecation, use _CRT_SECURE_NO_WARNINGS. See online help for details.
C:\Users\User\Downloads\VirtualPasswordVaultManager\VirtualPasswordVaultManager\PasswordManager2\main.cpp(2949,9): warning C4996: 'strcat': This function or variable may be unsafe. Consider using strcat_s instead. To disable deprecation, use _CRT_SECURE_NO_WARNINGS. See online help for details.
C:\Users\User\Downloads\VirtualPasswordVaultManager\VirtualPasswordVaultManager\PasswordManager2\main.cpp(2958,9): warning C4996: 'strcat': This function or variable may be unsafe. Consider using strcat_s instead. To disable deprecation, use _CRT_SECURE_NO_WARNINGS. See online help for details.
C:\Users\User\Downloads\VirtualPasswordVaultManager\VirtualPasswordVaultManager\PasswordManager2\main.cpp(2988,13): warning C4996: 'strcat': This function or variable may be unsafe. Consider using strcat_s instead. To disable deprecation, use _CRT_SECURE_NO_WARNINGS. See online help for details.
C:\Users\User\Downloads\VirtualPasswordVaultManager\VirtualPasswordVaultManager\PasswordManager2\main.cpp(3020,13): warning C4996: 'strcat': This function or variable may be unsafe. Consider using strcat_s instead. To disable deprecation, use _CRT_SECURE_NO_WARNINGS. See online help for details.
C:\Users\User\Downloads\VirtualPasswordVaultManager\VirtualPasswordVaultManager\PasswordManager2\main.cpp(3039,17): warning C4996: 'strcat': This function or variable may be unsafe. Consider using strcat_s instead. To disable deprecation, use _CRT_SECURE_NO_WARNINGS. See online help for details.
C:\Users\User\Downloads\VirtualPasswordVaultManager\VirtualPasswordVaultManager\PasswordManager2\main.cpp(3054,17): warning C4996: 'strcat': This function or variable may be unsafe. Consider using strcat_s instead. To disable deprecation, use _CRT_SECURE_NO_WARNINGS. See online help for details.
C:\Users\User\Downloads\VirtualPasswordVaultManager\VirtualPasswordVaultManager\PasswordManager2\main.cpp(3066,13): warning C4996: 'strcat': This function or variable may be unsafe. Consider using strcat_s instead. To disable deprecation, use _CRT_SECURE_NO_WARNINGS. See online help for details.
C:\Users\User\Downloads\VirtualPasswordVaultManager\VirtualPasswordVaultManager\PasswordManager2\main.cpp(3074,5): warning C4996: 'strcat': This function or variable may be unsafe. Consider using strcat_s instead. To disable deprecation, use _CRT_SECURE_NO_WARNINGS. See online help for details.
C:\Users\User\Downloads\VirtualPasswordVaultManager\VirtualPasswordVaultManager\PasswordManager2\main.cpp(3146,13): warning C4996: 'strcat': This function or variable may be unsafe. Consider using strcat_s instead. To disable deprecation, use _CRT_SECURE_NO_WARNINGS. See online help for details.
C:\Users\User\Downloads\VirtualPasswordVaultManager\VirtualPasswordVaultManager\PasswordManager2\main.cpp(3153,13): warning C4996: 'strcat': This function or variable may be unsafe. Consider using strcat_s instead. To disable deprecation, use _CRT_SECURE_NO_WARNINGS. See online help for details.
C:\Users\User\Downloads\VirtualPasswordVaultManager\VirtualPasswordVaultManager\PasswordManager2\main.cpp(3160,13): warning C4996: 'strcat': This function or variable may be unsafe. Consider using strcat_s instead. To disable deprecation, use _CRT_SECURE_NO_WARNINGS. See online help for details.
C:\Users\User\Downloads\VirtualPasswordVaultManager\VirtualPasswordVaultManager\PasswordManager2\main.cpp(3167,13): warning C4996: 'strcat': This function or variable may be unsafe. Consider using strcat_s instead. To disable deprecation, use _CRT_SECURE_NO_WARNINGS. See online help for details.
C:\Users\User\Downloads\VirtualPasswordVaultManager\VirtualPasswordVaultManager\PasswordManager2\main.cpp(3175,13): warning C4996: 'strcat': This function or variable may be unsafe. Consider using strcat_s instead. To disable deprecation, use _CRT_SECURE_NO_WARNINGS. See online help for details.
C:\Users\User\Downloads\VirtualPasswordVaultManager\VirtualPasswordVaultManager\PasswordManager2\main.cpp(3266,17): warning C4996: 'strcat': This function or variable may be unsafe. Consider using strcat_s instead. To disable deprecation, use _CRT_SECURE_NO_WARNINGS. See online help for details.
C:\Users\User\Downloads\VirtualPasswordVaultManager\VirtualPasswordVaultManager\PasswordManager2\main.cpp(3274,17): warning C4996: 'strcat': This function or variable may be unsafe. Consider using strcat_s instead. To disable deprecation, use _CRT_SECURE_NO_WARNINGS. See online help for details.
C:\Users\User\Downloads\VirtualPasswordVaultManager\VirtualPasswordVaultManager\PasswordManager2\main.cpp(3283,17): warning C4996: 'sprintf': This function or variable may be unsafe. Consider using sprintf_s instead. To disable deprecation, use _CRT_SECURE_NO_WARNINGS. See online help for details.
C:\Users\User\Downloads\VirtualPasswordVaultManager\VirtualPasswordVaultManager\PasswordManager2\main.cpp(3284,17): warning C4996: 'strcat': This function or variable may be unsafe. Consider using strcat_s instead. To disable deprecation, use _CRT_SECURE_NO_WARNINGS. See online help for details.
C:\Users\User\Downloads\VirtualPasswordVaultManager\VirtualPasswordVaultManager\PasswordManager2\main.cpp(3293,17): warning C4996: 'sprintf': This function or variable may be unsafe. Consider using sprintf_s instead. To disable deprecation, use _CRT_SECURE_NO_WARNINGS. See online help for details.
C:\Users\User\Downloads\VirtualPasswordVaultManager\VirtualPasswordVaultManager\PasswordManager2\main.cpp(3294,17): warning C4996: 'strcat': This function or variable may be unsafe. Consider using strcat_s instead. To disable deprecation, use _CRT_SECURE_NO_WARNINGS. See online help for details.
C:\Users\User\Downloads\VirtualPasswordVaultManager\VirtualPasswordVaultManager\PasswordManager2\main.cpp(3300,17): warning C4996: 'strcat': This function or variable may be unsafe. Consider using strcat_s instead. To disable deprecation, use _CRT_SECURE_NO_WARNINGS. See online help for details.
C:\Users\User\Downloads\VirtualPasswordVaultManager\VirtualPasswordVaultManager\PasswordManager2\main.cpp(3324,17): warning C4996: 'strcat': This function or variable may be unsafe. Consider using strcat_s instead. To disable deprecation, use _CRT_SECURE_NO_WARNINGS. See online help for details.
C:\Users\User\Downloads\VirtualPasswordVaultManager\VirtualPasswordVaultManager\PasswordManager2\main.cpp(3332,17): warning C4996: 'strcat': This function or variable may be unsafe. Consider using strcat_s instead. To disable deprecation, use _CRT_SECURE_NO_WARNINGS. See online help for details.
C:\Users\User\Downloads\VirtualPasswordVaultManager\VirtualPasswordVaultManager\PasswordManager2\main.cpp(3342,17): warning C4996: 'strcat': This function or variable may be unsafe. Consider using strcat_s instead. To disable deprecation, use _CRT_SECURE_NO_WARNINGS. See online help for details.
C:\Users\User\Downloads\VirtualPasswordVaultManager\VirtualPasswordVaultManager\PasswordManager2\main.cpp(3353,13): warning C4996: 'strcat': This function or variable may be unsafe. Consider using strcat_s instead. To disable deprecation, use _CRT_SECURE_NO_WARNINGS. See online help for details.
C:\Users\User\Downloads\VirtualPasswordVaultManager\VirtualPasswordVaultManager\PasswordManager2\main.cpp(69,1): warning C4715: 'Logins::viewAllUserLoginInfo': not all control paths return a value
C:\Users\User\Downloads\VirtualPasswordVaultManager\VirtualPasswordVaultManager\PasswordManager2\main.cpp(38,1): warning C4715: 'Logins::searchByLoginName': not all control paths return a value
C:\Users\User\Downloads\VirtualPasswordVaultManager\VirtualPasswordVaultManager\PasswordManager2\main.cpp(447,1): warning C4715: 'CreditCard::viewAllUserCreditCardInfo': not all control paths return a value
C:\Users\User\Downloads\VirtualPasswordVaultManager\VirtualPasswordVaultManager\PasswordManager2\main.cpp(674,1): warning C4715: 'CreditCard::updateCreditCardRecord': not all control paths return a value
C:\Users\User\Downloads\VirtualPasswordVaultManager\VirtualPasswordVaultManager\PasswordManager2\main.cpp(1088,1): warning C4715: 'BankAccount::viewAllUserBankAccountInfo': not all control paths return a value
C:\Users\User\Downloads\VirtualPasswordVaultManager\VirtualPasswordVaultManager\PasswordManager2\main.cpp(1955,1): warning C4715: 'Passport::viewAllUserPassportInfo': not all control paths return a value
C:\Users\User\Downloads\VirtualPasswordVaultManager\VirtualPasswordVaultManager\PasswordManager2\main.cpp(2916,1): warning C4715: 'PasswordManager::findUserByUserName': not all control paths return a value
C:\Users\User\Downloads\VirtualPasswordVaultManager\VirtualPasswordVaultManager\PasswordManager2\main.cpp(3070,1): warning C4715: 'PasswordManager::Settings': not all control paths return a value
main.obj : warning LNK4075: ignoring '/EDITANDCONTINUE' due to '/SAFESEH' specification
  PasswordManager2.vcxproj -> C:\Users\User\Downloads\VirtualPasswordVaultManager\VirtualPasswordVaultManager\Debug\VirtualPasswordVaultManager.exe
